2025-09-10 02:58:38 - INFO: Petición POST recibida - Data: {"action":"guardarArt","content_type":"multipart\/form-data; boundary=----WebKitFormBoundarySiH2zhldkS6XwzPw","data_keys":["action","numeroControl","muestreadoPor","fechaMuestreo","fechaEmision","numTapada","numPinas","kg","analista","observaciones","especiesSeleccionadas"]}
2025-09-10 02:58:38 - INFO: Iniciando guardado de ART - Data: {"numeroControl":"C9998","muestreadoPor":"personal","fechaMuestreo":"2025-09-09","fechaEmision":"2026-01-08","numTapada":"9","numPinas":3,"kg":179,"analista":"yo","observaciones":"nada","usuario":"Sistema","especiesSeleccionadas":[{"id":"1","nombre":"AGAVE ANGUSTIFOLIA","nombreCorto":"(ANGUSTIFOLIA)","ensayo1":67,"ensayo2":34,"promedio":50.5}]}
2025-09-10 02:58:38 - INFO: Transacción iniciada
2025-09-10 02:58:38 - INFO: Transacción completada exitosamente
2025-09-10 06:08:34 - INFO: Petición POST recibida - Data: {"action":"guardarArt","content_type":"multipart\/form-data; boundary=----WebKitFormBoundaryzAhNdBEqFSBtF9w4","data_keys":["action","numeroControl","muestreadoPor","fechaMuestreo","fechaEmision","numTapada","numPinas","kg","analista","observaciones","especiesSeleccionadas"]}
2025-09-10 06:08:34 - INFO: Iniciando guardado de ART - Data: {"numeroControl":"C9999","muestreadoPor":"personal","fechaMuestreo":"2025-09-09","fechaEmision":"2025-09-19","numTapada":"9","numPinas":6,"kg":129,"analista":"yo","observaciones":"nada","usuario":"Sistema","especiesSeleccionadas":[{"id":"11","nombre":"AGAVE KARWINSKII","nombreCorto":"(KARWINSKII)","ensayo1":12,"ensayo2":89,"promedio":50.5}]}
2025-09-10 06:08:34 - INFO: Transacción iniciada
2025-09-10 06:08:34 - INFO: Transacción completada exitosamente
2025-09-10 06:42:04 - INFO: Petición POST recibida - Data: {"action":"guardarArt","content_type":"multipart\/form-data; boundary=----WebKitFormBoundary0So4BxB3Xhh4BiEy","data_keys":["action","numeroControl","muestreadoPor","fechaMuestreo","fechaEmision","numTapada","numPinas","kg","analista","observaciones","especiesSeleccionadas"]}
2025-09-10 06:42:04 - INFO: Iniciando guardado de ART - Data: {"numeroControl":"C9998","muestreadoPor":"personal","fechaMuestreo":"2025-09-09","fechaEmision":"2025-09-29","numTapada":"9","numPinas":7,"kg":129,"analista":"yo","observaciones":"nada","usuario":"Sistema","especiesSeleccionadas":[{"id":"11","nombre":"AGAVE KARWINSKII","nombreCorto":"(KARWINSKII)","ensayo1":19,"ensayo2":89,"promedio":54}]}
2025-09-10 06:42:04 - INFO: Transacción iniciada
2025-09-10 06:42:04 - INFO: Transacción completada exitosamente
2025-09-10 07:06:05 - INFO: Petición POST recibida - Data: {"action":"guardarArt","content_type":"multipart\/form-data; boundary=----WebKitFormBoundaryzXhnWA2gtGRaKARj","data_keys":["action","numeroControl","muestreadoPor","fechaMuestreo","fechaEmision","numTapada","numPinas","kg","analista","observaciones","especiesSeleccionadas"]}
2025-09-10 07:06:05 - INFO: Iniciando guardado de ART - Data: {"numeroControl":"C9998","muestreadoPor":"personal","fechaMuestreo":"2025-09-09","fechaEmision":"2025-10-10","numTapada":"2","numPinas":4,"kg":150,"analista":"yo","observaciones":"nada","usuario":"Sistema","especiesSeleccionadas":[{"id":"6","nombre":"AGAVE AMERICANA","nombreCorto":"(AMERICANA)","ensayo1":12,"ensayo2":23,"promedio":17.5},{"id":"11","nombre":"AGAVE KARWINSKII","nombreCorto":"(KARWINSKII)","ensayo1":90,"ensayo2":45,"promedio":67.5}]}
2025-09-10 07:06:05 - INFO: Transacción iniciada
2025-09-10 07:06:05 - INFO: Transacción completada exitosamente
2025-09-10 07:50:34 - INFO: Petición POST recibida - Data: {"action":"guardarArt","content_type":"multipart\/form-data; boundary=----WebKitFormBoundarypHy5BTyPS86S6zTl","data_keys":["action","numeroControl","muestreadoPor","fechaMuestreo","fechaEmision","numTapada","numPinas","kg","analista","observaciones","especiesSeleccionadas"]}
2025-09-10 07:50:34 - INFO: Iniciando guardado de ART - Data: {"numeroControl":"C9998","muestreadoPor":"personal","fechaMuestreo":"2025-09-09","fechaEmision":"2025-09-11","numTapada":"8","numPinas":5,"kg":120,"analista":"yo","observaciones":"nada","usuario":"Sistema","especiesSeleccionadas":[{"id":"1","nombre":"AGAVE ANGUSTIFOLIA","nombreCorto":"(ANGUSTIFOLIA)","ensayo1":12,"ensayo2":89,"promedio":50.5},{"id":"6","nombre":"AGAVE AMERICANA","nombreCorto":"(AMERICANA)","ensayo1":19,"ensayo2":45,"promedio":32}]}
2025-09-10 07:50:34 - INFO: Transacción iniciada
2025-09-10 07:50:34 - INFO: Transacción completada exitosamente
2025-09-10 07:52:18 - INFO: Petición POST recibida - Data: {"action":"actualizarArt","content_type":"multipart\/form-data; boundary=----WebKitFormBoundaryjh6A3VavSZV5isyx","data_keys":["action","artId","numeroControl","muestreadoPor","fechaMuestreo","fechaEmision","numTapada","numPinas","kg","analista","observaciones","especiesSeleccionadas"]}
2025-09-10 07:52:18 - INFO: Iniciando actualización de ART - Data: {"artId":7,"datos":{"numeroControl":"C9998","muestreadoPor":"personal","fechaMuestreo":"2025-09-09","fechaEmision":"2025-09-11","numTapada":"8","numPinas":5,"kg":120,"analista":"yo","observaciones":"nada","usuario":"Sistema","especiesSeleccionadas":[{"id":1,"nombre":"AGAVE ANGUSTIFOLIA","nombreCorto":"(ANGUSTIFOLIA)","ensayo1":12,"ensayo2":89,"promedio":50.5},{"id":6,"nombre":"AGAVE AMERICANA","nombreCorto":"(AMERICANA)","ensayo1":19,"ensayo2":45,"promedio":32}]}}
2025-09-10 07:52:18 - INFO: Transacción de actualización iniciada
2025-09-10 07:52:18 - INFO: Transacción de actualización completada exitosamente
2025-09-10 07:57:09 - INFO: Petición POST recibida - Data: {"action":"guardarArt","content_type":"multipart\/form-data; boundary=----WebKitFormBoundarySXYDxBYs9ZYhmK4F","data_keys":["action","numeroControl","muestreadoPor","fechaMuestreo","fechaEmision","numTapada","numPinas","kg","analista","observaciones","especiesSeleccionadas"]}
2025-09-10 07:57:09 - INFO: Iniciando guardado de ART - Data: {"numeroControl":"C9999","muestreadoPor":"personal","fechaMuestreo":"2025-09-09","fechaEmision":"2025-10-10","numTapada":"8","numPinas":5,"kg":150,"analista":"YO","observaciones":"NADA","usuario":"Sistema","especiesSeleccionadas":[{"id":"6","nombre":"AGAVE AMERICANA","nombreCorto":"(AMERICANA)","ensayo1":23,"ensayo2":45,"promedio":34},{"id":"11","nombre":"AGAVE KARWINSKII","nombreCorto":"(KARWINSKII)","ensayo1":45,"ensayo2":90,"promedio":67.5}]}
2025-09-10 07:57:09 - INFO: Transacción iniciada
2025-09-10 07:57:09 - INFO: Transacción completada exitosamente
2025-09-10 07:57:57 - INFO: Petición POST recibida - Data: {"action":"guardarArt","content_type":"multipart\/form-data; boundary=----WebKitFormBoundaryL4ln80sy9NMeTNAg","data_keys":["action","numeroControl","muestreadoPor","fechaMuestreo","fechaEmision","numTapada","numPinas","kg","analista","observaciones","especiesSeleccionadas"]}
2025-09-10 07:57:57 - INFO: Iniciando guardado de ART - Data: {"numeroControl":"C9999","muestreadoPor":"personal","fechaMuestreo":"2025-09-09","fechaEmision":"2025-10-10","numTapada":"8","numPinas":5,"kg":150,"analista":"YO","observaciones":"NADA","usuario":"Sistema","especiesSeleccionadas":[{"id":6,"nombre":"AGAVE AMERICANA","nombreCorto":"(AMERICANA)","ensayo1":23,"ensayo2":45,"promedio":34},{"id":11,"nombre":"AGAVE KARWINSKII","nombreCorto":"(KARWINSKII)","ensayo1":45,"ensayo2":90,"promedio":67.5}]}
2025-09-10 07:57:57 - INFO: Transacción iniciada
2025-09-10 07:57:57 - INFO: Transacción completada exitosamente
2025-09-10 07:58:44 - INFO: Petición POST recibida - Data: {"action":"actualizarArt","content_type":"multipart\/form-data; boundary=----WebKitFormBoundaryzCyUMpuysZjrPvNH","data_keys":["action","artId","numeroControl","muestreadoPor","fechaMuestreo","fechaEmision","numTapada","numPinas","kg","analista","observaciones","especiesSeleccionadas"]}
2025-09-10 07:58:44 - INFO: Iniciando actualización de ART - Data: {"artId":9,"datos":{"numeroControl":"C9999","muestreadoPor":"personal","fechaMuestreo":"2025-09-09","fechaEmision":"2025-10-10","numTapada":"8","numPinas":5,"kg":150,"analista":"TU","observaciones":"NADA","usuario":"Sistema","especiesSeleccionadas":[{"id":6,"nombre":"AGAVE AMERICANA","nombreCorto":"(AMERICANA)","ensayo1":23,"ensayo2":45,"promedio":34},{"id":11,"nombre":"AGAVE KARWINSKII","nombreCorto":"(KARWINSKII)","ensayo1":45,"ensayo2":90,"promedio":67.5}]}}
2025-09-10 07:59:04 - INFO: Petición POST recibida - Data: {"action":"actualizarArt","content_type":"multipart\/form-data; boundary=----WebKitFormBoundarymLylvikcpgXYjBAD","data_keys":["action","artId","numeroControl","muestreadoPor","fechaMuestreo","fechaEmision","numTapada","numPinas","kg","analista","observaciones","especiesSeleccionadas"]}
2025-09-10 07:59:04 - INFO: Iniciando actualización de ART - Data: {"artId":8,"datos":{"numeroControl":"C9999","muestreadoPor":"personal","fechaMuestreo":"2025-09-09","fechaEmision":"2025-10-10","numTapada":"8","numPinas":5,"kg":150,"analista":"TU","observaciones":"NADA","usuario":"Sistema","especiesSeleccionadas":[{"id":6,"nombre":"AGAVE AMERICANA","nombreCorto":"(AMERICANA)","ensayo1":23,"ensayo2":45,"promedio":34},{"id":11,"nombre":"AGAVE KARWINSKII","nombreCorto":"(KARWINSKII)","ensayo1":45,"ensayo2":90,"promedio":67.5}]}}
2025-09-10 07:59:04 - INFO: Transacción de actualización iniciada
2025-09-10 07:59:04 - INFO: Transacción de actualización completada exitosamente
2025-09-10 07:59:59 - INFO: Petición POST recibida - Data: {"action":"actualizarArt","content_type":"multipart\/form-data; boundary=----WebKitFormBoundaryF0H0zakxnEhBkFjq","data_keys":["action","artId","numeroControl","muestreadoPor","fechaMuestreo","fechaEmision","numTapada","numPinas","kg","analista","observaciones","especiesSeleccionadas"]}
2025-09-10 07:59:59 - INFO: Iniciando actualización de ART - Data: {"artId":8,"datos":{"numeroControl":"C9999","muestreadoPor":"personal","fechaMuestreo":"2025-09-09","fechaEmision":"2025-10-10","numTapada":"8","numPinas":5,"kg":150,"analista":"TU","observaciones":"TODO","usuario":"Sistema","especiesSeleccionadas":[{"id":6,"nombre":"AGAVE AMERICANA","nombreCorto":"(AMERICANA)","ensayo1":23,"ensayo2":45,"promedio":34},{"id":11,"nombre":"AGAVE KARWINSKII","nombreCorto":"(KARWINSKII)","ensayo1":45,"ensayo2":90,"promedio":67.5}]}}
2025-09-10 07:59:59 - INFO: Transacción de actualización iniciada
2025-09-10 07:59:59 - INFO: Transacción de actualización completada exitosamente
2025-09-10 08:16:18 - INFO: Petición POST recibida - Data: {"action":"actualizarArt","content_type":"multipart\/form-data; boundary=----WebKitFormBoundarywCEMKFLsMO1AGhYl","data_keys":["action","artId","numeroControl","muestreadoPor","fechaMuestreo","fechaEmision","numTapada","numPinas","kg","analista","observaciones","especiesSeleccionadas"]}
2025-09-10 08:16:18 - INFO: Iniciando actualización de ART - Data: {"artId":8,"datos":{"numeroControl":"C9999","muestreadoPor":"personal","fechaMuestreo":"2025-09-09","fechaEmision":"2025-10-10","numTapada":"8","numPinas":5,"kg":150,"analista":"TU","observaciones":"NADA","usuario":"Sistema","especiesSeleccionadas":[{"id":6,"nombre":"AGAVE AMERICANA","nombreCorto":"(AMERICANA)","ensayo1":23,"ensayo2":45,"promedio":34},{"id":11,"nombre":"AGAVE KARWINSKII","nombreCorto":"(KARWINSKII)","ensayo1":45,"ensayo2":90,"promedio":67.5}]}}
2025-09-10 08:16:18 - INFO: Transacción de actualización iniciada
2025-09-10 08:16:18 - INFO: Transacción de actualización completada exitosamente
2025-09-11 01:29:38 - INFO: Petición POST recibida - Data: {"action":"guardarArt","content_type":"multipart\/form-data; boundary=----WebKitFormBoundarydz5NNA4cD8674Y72","data_keys":["action","numeroControl","muestreadoPor","fechaMuestreo","fechaEmision","numTapada","analista","observaciones","promedioGeneral","especiesSeleccionadas"]}
2025-09-11 01:29:38 - INFO: Iniciando guardado de ART - Data: {"numeroControl":"C9998","muestreadoPor":"personal","fechaMuestreo":"2025-09-10","fechaEmision":"2025-10-10","numTapada":"9","analista":"YO","observaciones":"NADA","promedioGeneral":43.75,"usuario":"Sistema","especiesSeleccionadas":[{"id":"11","nombre":"AGAVE KARWINSKII","nombreCorto":"(KARWINSKII)","numPinas":3,"kg":60,"ensayo1":45,"ensayo2":60,"promedio":52.5},{"id":"3","nombre":"AGAVE ANGUSTIFOLIA","nombreCorto":"(ANGUSTIFOLIA)","numPinas":5,"kg":100,"ensayo1":67,"ensayo2":10,"promedio":38.5}]}
2025-09-11 01:29:38 - INFO: Transacción iniciada
2025-09-11 01:31:18 - INFO: Petición POST recibida - Data: {"action":"guardarArt","content_type":"multipart\/form-data; boundary=----WebKitFormBoundaryI0jB1aklEy3o0WUl","data_keys":["action","numeroControl","muestreadoPor","fechaMuestreo","fechaEmision","numTapada","analista","observaciones","promedioGeneral","especiesSeleccionadas"]}
2025-09-11 01:31:18 - INFO: Iniciando guardado de ART - Data: {"numeroControl":"C9998","muestreadoPor":"personal","fechaMuestreo":"2025-09-10","fechaEmision":"2025-10-10","numTapada":"9","analista":"YO","observaciones":"NADA","promedioGeneral":43.75,"usuario":"Sistema","especiesSeleccionadas":[{"id":"11","nombre":"AGAVE KARWINSKII","nombreCorto":"(KARWINSKII)","numPinas":3,"kg":60,"ensayo1":45,"ensayo2":60,"promedio":52.5},{"id":"3","nombre":"AGAVE ANGUSTIFOLIA","nombreCorto":"(ANGUSTIFOLIA)","numPinas":5,"kg":100,"ensayo1":67,"ensayo2":10,"promedio":38.5}]}
2025-09-11 01:31:18 - INFO: Transacción iniciada
2025-09-11 01:35:34 - INFO: Petición POST recibida - Data: {"action":"guardarArt","content_type":"multipart\/form-data; boundary=----WebKitFormBoundaryGp0svyUHBKjIgXFW","data_keys":["action","numeroControl","muestreadoPor","fechaMuestreo","fechaEmision","numTapada","analista","observaciones","promedioGeneral","especiesSeleccionadas"]}
2025-09-11 01:35:34 - INFO: Iniciando guardado de ART - Data: {"numeroControl":"C9998","muestreadoPor":"personal","fechaMuestreo":"2025-09-10","fechaEmision":"2025-10-10","numTapada":"9","analista":"YO","observaciones":"NADA","usuario":"Sistema","especiesSeleccionadas":[{"id":"11","nombre":"AGAVE KARWINSKII","nombreCorto":"(KARWINSKII)","numPinas":3,"kg":60,"ensayo1":25,"ensayo2":35,"promedio":30},{"id":"6","nombre":"AGAVE AMERICANA","nombreCorto":"(AMERICANA)","numPinas":5,"kg":100,"ensayo1":30,"ensayo2":39,"promedio":34.5}]}
2025-09-11 01:35:34 - INFO: Transacción iniciada
2025-09-11 01:35:34 - INFO: Transacción completada exitosamente
2025-09-11 01:37:18 - INFO: Petición POST recibida - Data: {"action":"guardarArt","content_type":"multipart\/form-data; boundary=----WebKitFormBoundary4l7q4cIFCADF7kAB","data_keys":["action","numeroControl","muestreadoPor","fechaMuestreo","fechaEmision","numTapada","analista","observaciones","promedioGeneral","especiesSeleccionadas"]}
2025-09-11 01:37:18 - INFO: Iniciando guardado de ART - Data: {"numeroControl":"C9998","muestreadoPor":"personal","fechaMuestreo":"2025-09-10","fechaEmision":"2025-10-10","numTapada":"9","analista":"YO","observaciones":"nada","usuario":"Sistema","especiesSeleccionadas":[{"id":"11","nombre":"AGAVE KARWINSKII","nombreCorto":"(KARWINSKII)","numPinas":10,"kg":100,"ensayo1":20,"ensayo2":25,"promedio":22.5},{"id":"1","nombre":"AGAVE ANGUSTIFOLIA","nombreCorto":"(ANGUSTIFOLIA)","numPinas":5,"kg":50,"ensayo1":30,"ensayo2":29,"promedio":29.5}]}
2025-09-11 01:37:18 - INFO: Transacción iniciada
2025-09-11 01:37:18 - INFO: Transacción completada exitosamente
2025-09-11 01:38:14 - INFO: Petición POST recibida - Data: {"action":"actualizarArt","content_type":"multipart\/form-data; boundary=----WebKitFormBoundaryrA9bI3Z5mTKVdB36","data_keys":["action","artId","numeroControl","muestreadoPor","fechaMuestreo","fechaEmision","numTapada","analista","observaciones","promedioGeneral","especiesSeleccionadas"]}
2025-09-11 01:38:18 - INFO: Petición POST recibida - Data: {"action":"actualizarArt","content_type":"multipart\/form-data; boundary=----WebKitFormBoundaryAKCdLVEOZDh3OLHh","data_keys":["action","artId","numeroControl","muestreadoPor","fechaMuestreo","fechaEmision","numTapada","analista","observaciones","promedioGeneral","especiesSeleccionadas"]}
2025-09-11 01:38:30 - INFO: Petición POST recibida - Data: {"action":"actualizarArt","content_type":"multipart\/form-data; boundary=----WebKitFormBoundaryMdHREcgeAqLldiW2","data_keys":["action","artId","numeroControl","muestreadoPor","fechaMuestreo","fechaEmision","numTapada","analista","observaciones","promedioGeneral","especiesSeleccionadas"]}
2025-09-11 01:39:12 - INFO: Petición POST recibida - Data: {"action":"actualizarArt","content_type":"multipart\/form-data; boundary=----WebKitFormBoundarySABt89GUGt0kAbuB","data_keys":["action","artId","numeroControl","muestreadoPor","fechaMuestreo","fechaEmision","numTapada","analista","observaciones","promedioGeneral","especiesSeleccionadas"]}
2025-09-11 01:50:26 - INFO: Petición POST recibida - Data: {"action":"guardarArt","content_type":"multipart\/form-data; boundary=----WebKitFormBoundaryxHxRdqBzQUCyETSW","data_keys":["action","numeroControl","muestreadoPor","fechaMuestreo","fechaEmision","numTapada","analista","observaciones","promedioGeneral","especiesSeleccionadas"]}
2025-09-11 01:50:26 - INFO: Iniciando guardado de ART - Data: {"numeroControl":"C9998","muestreadoPor":"personal","fechaMuestreo":"2025-09-10","fechaEmision":"2025-10-02","numTapada":"8","analista":"YO","observaciones":"nada","usuario":"Sistema","especiesSeleccionadas":[{"id":"3","nombre":"AGAVE ANGUSTIFOLIA","nombreCorto":"(ANGUSTIFOLIA)","numPinas":5,"kg":100,"ensayo1":28,"ensayo2":29,"promedio":28.5},{"id":"11","nombre":"AGAVE KARWINSKII","nombreCorto":"(KARWINSKII)","numPinas":3,"kg":60,"ensayo1":30,"ensayo2":35,"promedio":32.5}]}
2025-09-11 01:50:26 - INFO: Transacción iniciada
2025-09-11 01:50:26 - INFO: Transacción completada exitosamente
2025-09-11 01:51:18 - INFO: Petición POST recibida - Data: {"action":"actualizarArt","content_type":"multipart\/form-data; boundary=----WebKitFormBoundaryBhLdwW24I6SaqX7E","data_keys":["action","artId","numeroControl","muestreadoPor","fechaMuestreo","fechaEmision","numTapada","analista","observaciones","promedioGeneral","especiesSeleccionadas"]}
2025-09-11 01:51:21 - INFO: Petición POST recibida - Data: {"action":"actualizarArt","content_type":"multipart\/form-data; boundary=----WebKitFormBoundarynRyncYI87fnapAEs","data_keys":["action","artId","numeroControl","muestreadoPor","fechaMuestreo","fechaEmision","numTapada","analista","observaciones","promedioGeneral","especiesSeleccionadas"]}
2025-09-11 01:55:05 - INFO: Petición POST recibida - Data: {"action":"actualizarArt","content_type":"multipart\/form-data; boundary=----WebKitFormBoundaryHBlW3oPheFFBsiHs","data_keys":["action","artId","numeroControl","muestreadoPor","fechaMuestreo","fechaEmision","numTapada","analista","observaciones","promedioGeneral","especiesSeleccionadas"]}
2025-09-11 02:09:58 - INFO: Petición POST recibida - Data: {"action":"guardarArt","content_type":"multipart\/form-data; boundary=----WebKitFormBoundaryCNSgwQTBAih2MTZm","data_keys":["action","numeroControl","muestreadoPor","fechaMuestreo","fechaEmision","numTapada","analista","observaciones","promedioGeneral","especiesSeleccionadas"]}
2025-09-11 02:09:58 - INFO: Iniciando guardado de ART - Data: {"numeroControl":"C9998","muestreadoPor":"personal","fechaMuestreo":"2025-09-10","fechaEmision":"2025-10-11","numTapada":"8","analista":"yo","observaciones":"NAda","promedioGeneral":"45.81","usuario":"Sistema","especiesSeleccionadas":[{"id":"6","nombre":"AGAVE AMERICANA","nombreCorto":"(AMERICANA)","numPinas":3,"kg":60,"ensayo1":30,"ensayo2":56,"promedio":43},{"id":"11","nombre":"AGAVE KARWINSKII","nombreCorto":"(KARWINSKII)","numPinas":5,"kg":100,"ensayo1":45,"ensayo2":50,"promedio":47.5}]}
2025-09-11 02:09:58 - INFO: Transacción iniciada
2025-09-11 02:10:09 - INFO: Petición POST recibida - Data: {"action":"guardarArt","content_type":"multipart\/form-data; boundary=----WebKitFormBoundaryRDJ7FGxr8ufN1np6","data_keys":["action","numeroControl","muestreadoPor","fechaMuestreo","fechaEmision","numTapada","analista","observaciones","promedioGeneral","especiesSeleccionadas"]}
2025-09-11 02:10:09 - INFO: Iniciando guardado de ART - Data: {"numeroControl":"C9998","muestreadoPor":"personal","fechaMuestreo":"2025-09-10","fechaEmision":"2025-10-11","numTapada":"8","analista":"yo","observaciones":"NAda","promedioGeneral":"45.81","usuario":"Sistema","especiesSeleccionadas":[{"id":"6","nombre":"AGAVE AMERICANA","nombreCorto":"(AMERICANA)","numPinas":3,"kg":60,"ensayo1":30,"ensayo2":56,"promedio":43},{"id":"11","nombre":"AGAVE KARWINSKII","nombreCorto":"(KARWINSKII)","numPinas":5,"kg":100,"ensayo1":45,"ensayo2":50,"promedio":47.5}]}
2025-09-11 02:10:09 - INFO: Transacción iniciada
2025-09-11 02:14:06 - INFO: Petición POST recibida - Data: {"action":"guardarArt","content_type":"multipart\/form-data; boundary=----WebKitFormBoundaryrA8Cy23NpyyuIm0K","data_keys":["action","numeroControl","muestreadoPor","fechaMuestreo","fechaEmision","numTapada","analista","observaciones","promedioGeneral","especiesSeleccionadas"]}
2025-09-11 02:14:06 - INFO: Iniciando guardado de ART - Data: {"numeroControl":"C9998","muestreadoPor":"personal","fechaMuestreo":"2025-09-10","fechaEmision":"2025-10-11","numTapada":"8","analista":"yo","observaciones":"NAda","usuario":"Sistema","especiesSeleccionadas":[{"id":"6","nombre":"AGAVE AMERICANA","nombreCorto":"(AMERICANA)","numPinas":3,"kg":60,"ensayo1":30,"ensayo2":56,"promedio":43},{"id":"11","nombre":"AGAVE KARWINSKII","nombreCorto":"(KARWINSKII)","numPinas":5,"kg":100,"ensayo1":45,"ensayo2":50,"promedio":47.5}]}
2025-09-11 02:14:06 - INFO: Transacción iniciada
2025-09-11 02:14:06 - INFO: Transacción completada exitosamente
2025-09-11 02:15:54 - INFO: Petición POST recibida - Data: {"action":"guardarArt","content_type":"multipart\/form-data; boundary=----WebKitFormBoundaryAzgWAmvC3bJmaeCo","data_keys":["action","numeroControl","muestreadoPor","fechaMuestreo","fechaEmision","numTapada","analista","observaciones","promedioGeneral","especiesSeleccionadas"]}
2025-09-11 02:15:54 - INFO: Iniciando guardado de ART - Data: {"numeroControl":"C9998","muestreadoPor":"personal","fechaMuestreo":"2025-09-10","fechaEmision":"2025-09-29","numTapada":"6","analista":"YO","observaciones":"xs","promedioGeneral":"82.81","usuario":"Sistema","especiesSeleccionadas":[{"id":"6","nombre":"AGAVE AMERICANA","nombreCorto":"(AMERICANA)","numPinas":6,"kg":30,"ensayo1":56,"ensayo2":59,"promedio":57.5},{"id":"3","nombre":"AGAVE ANGUSTIFOLIA","nombreCorto":"(ANGUSTIFOLIA)","numPinas":10,"kg":50,"ensayo1":99,"ensayo2":97,"promedio":98}]}
2025-09-11 02:15:54 - INFO: Transacción iniciada
2025-09-11 02:16:12 - INFO: Petición POST recibida - Data: {"action":"guardarArt","content_type":"multipart\/form-data; boundary=----WebKitFormBoundaryBEyMOJvafhm3H0gA","data_keys":["action","numeroControl","muestreadoPor","fechaMuestreo","fechaEmision","numTapada","analista","observaciones","promedioGeneral","especiesSeleccionadas"]}
2025-09-11 02:16:12 - INFO: Iniciando guardado de ART - Data: {"numeroControl":"C9998","muestreadoPor":"personal","fechaMuestreo":"2025-09-10","fechaEmision":"2025-09-29","numTapada":"6","analista":"YO","observaciones":"xs","usuario":"Sistema","especiesSeleccionadas":[{"id":"6","nombre":"AGAVE AMERICANA","nombreCorto":"(AMERICANA)","numPinas":6,"kg":30,"ensayo1":56,"ensayo2":59,"promedio":57.5},{"id":"3","nombre":"AGAVE ANGUSTIFOLIA","nombreCorto":"(ANGUSTIFOLIA)","numPinas":10,"kg":50,"ensayo1":99,"ensayo2":97,"promedio":98}]}
2025-09-11 02:16:12 - INFO: Transacción iniciada
2025-09-11 02:16:12 - INFO: Transacción completada exitosamente
2025-09-11 02:17:50 - INFO: Petición POST recibida - Data: {"action":"guardarArt","content_type":"multipart\/form-data; boundary=----WebKitFormBoundaryvvCjKxB22A0NmwJ6","data_keys":["action","numeroControl","muestreadoPor","fechaMuestreo","fechaEmision","numTapada","analista","observaciones","promedioGeneral","especiesSeleccionadas"]}
2025-09-11 02:17:50 - INFO: Iniciando guardado de ART - Data: {"numeroControl":"C9999","muestreadoPor":"personal","fechaMuestreo":"2025-09-10","fechaEmision":"2025-09-25","numTapada":"8","analista":"YO","observaciones":"cd","usuario":"Sistema","especiesSeleccionadas":[{"id":"1","nombre":"AGAVE ANGUSTIFOLIA","nombreCorto":"(ANGUSTIFOLIA)","numPinas":5,"kg":100,"ensayo1":78,"ensayo2":77,"promedio":77.5}]}
2025-09-11 02:17:50 - INFO: Transacción iniciada
2025-09-11 02:18:37 - INFO: Petición POST recibida - Data: {"action":"guardarArt","content_type":"multipart\/form-data; boundary=----WebKitFormBoundaryi92tehH4iqdMgBza","data_keys":["action","numeroControl","muestreadoPor","fechaMuestreo","fechaEmision","numTapada","analista","observaciones","promedioGeneral","especiesSeleccionadas"]}
2025-09-11 02:18:37 - INFO: Iniciando guardado de ART - Data: {"numeroControl":"C9999","muestreadoPor":"personal","fechaMuestreo":"2025-09-10","fechaEmision":"2025-09-25","numTapada":"8","analista":"YO","observaciones":"cd","usuario":"Sistema","especiesSeleccionadas":[{"id":"1","nombre":"AGAVE ANGUSTIFOLIA","nombreCorto":"(ANGUSTIFOLIA)","numPinas":5,"kg":100,"ensayo1":78,"ensayo2":77,"promedio":77.5}]}
2025-09-11 02:18:37 - INFO: Transacción iniciada
